$ umask 022 && mkdir -p "/home/chenguoyin.cgy/riscv-android-src-rust/out/lib/rustlib"
$ echo "3" > "/home/chenguoyin.cgy/riscv-android-src-rust/out/lib/rustlib/rust-installer-version"
install: creating uninstall script at /home/chenguoyin.cgy/riscv-android-src-rust/out/lib/rustlib/uninstall.sh
$ cp /home/chenguoyin.cgy/riscv-android-src-rust/toolchain/rustc/build/tmp/tarball/rustc/x86_64-unknown-linux-gnu/rustc-1.51.0-dev-x86_64-unknown-linux-gnu/install.sh /home/chenguoyin.cgy/riscv-android-src-rust/out/lib/rustlib/uninstall.sh
install: installing component 'rustc'
$ echo "rustc" >> "/home/chenguoyin.cgy/riscv-android-src-rust/out/lib/rustlib/components"
$ umask 022 && mkdir -p "/home/chenguoyin.cgy/riscv-android-src-rust/out/share/doc/rust"
install: copying file /home/chenguoyin.cgy/riscv-android-src-rust/out/share/doc/rust/COPYRIGHT
$ cp /home/chenguoyin.cgy/riscv-android-src-rust/toolchain/rustc/build/tmp/tarball/rustc/x86_64-unknown-linux-gnu/rustc-1.51.0-dev-x86_64-unknown-linux-gnu/rustc/share/doc/rust/COPYRIGHT /home/chenguoyin.cgy/riscv-android-src-rust/out/share/doc/rust/COPYRIGHT
$ chmod 644 /home/chenguoyin.cgy/riscv-android-src-rust/out/share/doc/rust/COPYRIGHT
$ echo "file:/home/chenguoyin.cgy/riscv-android-src-rust/out/share/doc/rust/COPYRIGHT" >> "/home/chenguoyin.cgy/riscv-android-src-rust/out/lib/rustlib/manifest-rustc"
$ umask 022 && mkdir -p "/home/chenguoyin.cgy/riscv-android-src-rust/out/share/doc/rust"
install: copying file /home/chenguoyin.cgy/riscv-android-src-rust/out/share/doc/rust/README.md
install: backing up existing file at /home/chenguoyin.cgy/riscv-android-src-rust/out/share/doc/rust/README.md
$ mv -f /home/chenguoyin.cgy/riscv-android-src-rust/out/share/doc/rust/README.md /home/chenguoyin.cgy/riscv-android-src-rust/out/share/doc/rust/README.md.old
$ cp /home/chenguoyin.cgy/riscv-android-src-rust/toolchain/rustc/build/tmp/tarball/rustc/x86_64-unknown-linux-gnu/rustc-1.51.0-dev-x86_64-unknown-linux-gnu/rustc/share/doc/rust/README.md /home/chenguoyin.cgy/riscv-android-src-rust/out/share/doc/rust/README.md
$ chmod 644 /home/chenguoyin.cgy/riscv-android-src-rust/out/share/doc/rust/README.md
$ echo "file:/home/chenguoyin.cgy/riscv-android-src-rust/out/share/doc/rust/README.md" >> "/home/chenguoyin.cgy/riscv-android-src-rust/out/lib/rustlib/manifest-rustc"
$ umask 022 && mkdir -p "/home/chenguoyin.cgy/riscv-android-src-rust/out/share/doc/rust"
install: copying file /home/chenguoyin.cgy/riscv-android-src-rust/out/share/doc/rust/LICENSE-APACHE
install: backing up existing file at /home/chenguoyin.cgy/riscv-android-src-rust/out/share/doc/rust/LICENSE-APACHE
$ mv -f /home/chenguoyin.cgy/riscv-android-src-rust/out/share/doc/rust/LICENSE-APACHE /home/chenguoyin.cgy/riscv-android-src-rust/out/share/doc/rust/LICENSE-APACHE.old
$ cp /home/chenguoyin.cgy/riscv-android-src-rust/toolchain/rustc/build/tmp/tarball/rustc/x86_64-unknown-linux-gnu/rustc-1.51.0-dev-x86_64-unknown-linux-gnu/rustc/share/doc/rust/LICENSE-APACHE /home/chenguoyin.cgy/riscv-android-src-rust/out/share/doc/rust/LICENSE-APACHE
$ chmod 644 /home/chenguoyin.cgy/riscv-android-src-rust/out/share/doc/rust/LICENSE-APACHE
$ echo "file:/home/chenguoyin.cgy/riscv-android-src-rust/out/share/doc/rust/LICENSE-APACHE" >> "/home/chenguoyin.cgy/riscv-android-src-rust/out/lib/rustlib/manifest-rustc"
$ umask 022 && mkdir -p "/home/chenguoyin.cgy/riscv-android-src-rust/out/share/doc/rust"
install: copying file /home/chenguoyin.cgy/riscv-android-src-rust/out/share/doc/rust/LICENSE-MIT
install: backing up existing file at /home/chenguoyin.cgy/riscv-android-src-rust/out/share/doc/rust/LICENSE-MIT
$ mv -f /home/chenguoyin.cgy/riscv-android-src-rust/out/share/doc/rust/LICENSE-MIT /home/chenguoyin.cgy/riscv-android-src-rust/out/share/doc/rust/LICENSE-MIT.old
$ cp /home/chenguoyin.cgy/riscv-android-src-rust/toolchain/rustc/build/tmp/tarball/rustc/x86_64-unknown-linux-gnu/rustc-1.51.0-dev-x86_64-unknown-linux-gnu/rustc/share/doc/rust/LICENSE-MIT /home/chenguoyin.cgy/riscv-android-src-rust/out/share/doc/rust/LICENSE-MIT
$ chmod 644 /home/chenguoyin.cgy/riscv-android-src-rust/out/share/doc/rust/LICENSE-MIT
$ echo "file:/home/chenguoyin.cgy/riscv-android-src-rust/out/share/doc/rust/LICENSE-MIT" >> "/home/chenguoyin.cgy/riscv-android-src-rust/out/lib/rustlib/manifest-rustc"
$ umask 022 && mkdir -p "/home/chenguoyin.cgy/riscv-android-src-rust/out/share/man/man1"
install: copying file /home/chenguoyin.cgy/riscv-android-src-rust/out/share/man/man1/rustc.1
$ cp /home/chenguoyin.cgy/riscv-android-src-rust/toolchain/rustc/build/tmp/tarball/rustc/x86_64-unknown-linux-gnu/rustc-1.51.0-dev-x86_64-unknown-linux-gnu/rustc/share/man/man1/rustc.1 /home/chenguoyin.cgy/riscv-android-src-rust/out/share/man/man1/rustc.1
$ chmod 644 /home/chenguoyin.cgy/riscv-android-src-rust/out/share/man/man1/rustc.1
$ echo "file:/home/chenguoyin.cgy/riscv-android-src-rust/out/share/man/man1/rustc.1" >> "/home/chenguoyin.cgy/riscv-android-src-rust/out/lib/rustlib/manifest-rustc"
$ umask 022 && mkdir -p "/home/chenguoyin.cgy/riscv-android-src-rust/out/share/man/man1"
install: copying file /home/chenguoyin.cgy/riscv-android-src-rust/out/share/man/man1/rustdoc.1
$ cp /home/chenguoyin.cgy/riscv-android-src-rust/toolchain/rustc/build/tmp/tarball/rustc/x86_64-unknown-linux-gnu/rustc-1.51.0-dev-x86_64-unknown-linux-gnu/rustc/share/man/man1/rustdoc.1 /home/chenguoyin.cgy/riscv-android-src-rust/out/share/man/man1/rustdoc.1
$ chmod 644 /home/chenguoyin.cgy/riscv-android-src-rust/out/share/man/man1/rustdoc.1
$ echo "file:/home/chenguoyin.cgy/riscv-android-src-rust/out/share/man/man1/rustdoc.1" >> "/home/chenguoyin.cgy/riscv-android-src-rust/out/lib/rustlib/manifest-rustc"
$ umask 022 && mkdir -p "/home/chenguoyin.cgy/riscv-android-src-rust/out/lib/rustlib/x86_64-unknown-linux-gnu/bin"
install: copying file /home/chenguoyin.cgy/riscv-android-src-rust/out/lib/rustlib/x86_64-unknown-linux-gnu/bin/rust-llvm-dwp
$ cp /home/chenguoyin.cgy/riscv-android-src-rust/toolchain/rustc/build/tmp/tarball/rustc/x86_64-unknown-linux-gnu/rustc-1.51.0-dev-x86_64-unknown-linux-gnu/rustc/lib/rustlib/x86_64-unknown-linux-gnu/bin/rust-llvm-dwp /home/chenguoyin.cgy/riscv-android-src-rust/out/lib/rustlib/x86_64-unknown-linux-gnu/bin/rust-llvm-dwp
$ chmod 755 /home/chenguoyin.cgy/riscv-android-src-rust/out/lib/rustlib/x86_64-unknown-linux-gnu/bin/rust-llvm-dwp
$ echo "file:/home/chenguoyin.cgy/riscv-android-src-rust/out/lib/rustlib/x86_64-unknown-linux-gnu/bin/rust-llvm-dwp" >> "/home/chenguoyin.cgy/riscv-android-src-rust/out/lib/rustlib/manifest-rustc"
$ umask 022 && mkdir -p "/home/chenguoyin.cgy/riscv-android-src-rust/out/lib/rustlib/etc"
install: copying file /home/chenguoyin.cgy/riscv-android-src-rust/out/lib/rustlib/etc/gdb_load_rust_pretty_printers.py
$ cp /home/chenguoyin.cgy/riscv-android-src-rust/toolchain/rustc/build/tmp/tarball/rustc/x86_64-unknown-linux-gnu/rustc-1.51.0-dev-x86_64-unknown-linux-gnu/rustc/lib/rustlib/etc/gdb_load_rust_pretty_printers.py /home/chenguoyin.cgy/riscv-android-src-rust/out/lib/rustlib/etc/gdb_load_rust_pretty_printers.py
$ chmod 644 /home/chenguoyin.cgy/riscv-android-src-rust/out/lib/rustlib/etc/gdb_load_rust_pretty_printers.py
$ echo "file:/home/chenguoyin.cgy/riscv-android-src-rust/out/lib/rustlib/etc/gdb_load_rust_pretty_printers.py" >> "/home/chenguoyin.cgy/riscv-android-src-rust/out/lib/rustlib/manifest-rustc"
$ umask 022 && mkdir -p "/home/chenguoyin.cgy/riscv-android-src-rust/out/lib/rustlib/etc"
install: copying file /home/chenguoyin.cgy/riscv-android-src-rust/out/lib/rustlib/etc/rust_types.py
$ cp /home/chenguoyin.cgy/riscv-android-src-rust/toolchain/rustc/build/tmp/tarball/rustc/x86_64-unknown-linux-gnu/rustc-1.51.0-dev-x86_64-unknown-linux-gnu/rustc/lib/rustlib/etc/rust_types.py /home/chenguoyin.cgy/riscv-android-src-rust/out/lib/rustlib/etc/rust_types.py
$ chmod 644 /home/chenguoyin.cgy/riscv-android-src-rust/out/lib/rustlib/etc/rust_types.py
$ echo "file:/home/chenguoyin.cgy/riscv-android-src-rust/out/lib/rustlib/etc/rust_types.py" >> "/home/chenguoyin.cgy/riscv-android-src-rust/out/lib/rustlib/manifest-rustc"
$ umask 022 && mkdir -p "/home/chenguoyin.cgy/riscv-android-src-rust/out/lib/rustlib/etc"
install: copying file /home/chenguoyin.cgy/riscv-android-src-rust/out/lib/rustlib/etc/lldb_commands
$ cp /home/chenguoyin.cgy/riscv-android-src-rust/toolchain/rustc/build/tmp/tarball/rustc/x86_64-unknown-linux-gnu/rustc-1.51.0-dev-x86_64-unknown-linux-gnu/rustc/lib/rustlib/etc/lldb_commands /home/chenguoyin.cgy/riscv-android-src-rust/out/lib/rustlib/etc/lldb_commands
$ chmod 644 /home/chenguoyin.cgy/riscv-android-src-rust/out/lib/rustlib/etc/lldb_commands
$ echo "file:/home/chenguoyin.cgy/riscv-android-src-rust/out/lib/rustlib/etc/lldb_commands" >> "/home/chenguoyin.cgy/riscv-android-src-rust/out/lib/rustlib/manifest-rustc"
$ umask 022 && mkdir -p "/home/chenguoyin.cgy/riscv-android-src-rust/out/lib/rustlib/etc"
install: copying file /home/chenguoyin.cgy/riscv-android-src-rust/out/lib/rustlib/etc/lldb_lookup.py
$ cp /home/chenguoyin.cgy/riscv-android-src-rust/toolchain/rustc/build/tmp/tarball/rustc/x86_64-unknown-linux-gnu/rustc-1.51.0-dev-x86_64-unknown-linux-gnu/rustc/lib/rustlib/etc/lldb_lookup.py /home/chenguoyin.cgy/riscv-android-src-rust/out/lib/rustlib/etc/lldb_lookup.py
$ chmod 644 /home/chenguoyin.cgy/riscv-android-src-rust/out/lib/rustlib/etc/lldb_lookup.py
$ echo "file:/home/chenguoyin.cgy/riscv-android-src-rust/out/lib/rustlib/etc/lldb_lookup.py" >> "/home/chenguoyin.cgy/riscv-android-src-rust/out/lib/rustlib/manifest-rustc"
$ umask 022 && mkdir -p "/home/chenguoyin.cgy/riscv-android-src-rust/out/lib/rustlib/etc"
install: copying file /home/chenguoyin.cgy/riscv-android-src-rust/out/lib/rustlib/etc/gdb_providers.py
$ cp /home/chenguoyin.cgy/riscv-android-src-rust/toolchain/rustc/build/tmp/tarball/rustc/x86_64-unknown-linux-gnu/rustc-1.51.0-dev-x86_64-unknown-linux-gnu/rustc/lib/rustlib/etc/gdb_providers.py /home/chenguoyin.cgy/riscv-android-src-rust/out/lib/rustlib/etc/gdb_providers.py
$ chmod 644 /home/chenguoyin.cgy/riscv-android-src-rust/out/lib/rustlib/etc/gdb_providers.py
$ echo "file:/home/chenguoyin.cgy/riscv-android-src-rust/out/lib/rustlib/etc/gdb_providers.py" >> "/home/chenguoyin.cgy/riscv-android-src-rust/out/lib/rustlib/manifest-rustc"
$ umask 022 && mkdir -p "/home/chenguoyin.cgy/riscv-android-src-rust/out/lib/rustlib/etc"
install: copying file /home/chenguoyin.cgy/riscv-android-src-rust/out/lib/rustlib/etc/gdb_lookup.py
$ cp /home/chenguoyin.cgy/riscv-android-src-rust/toolchain/rustc/build/tmp/tarball/rustc/x86_64-unknown-linux-gnu/rustc-1.51.0-dev-x86_64-unknown-linux-gnu/rustc/lib/rustlib/etc/gdb_lookup.py /home/chenguoyin.cgy/riscv-android-src-rust/out/lib/rustlib/etc/gdb_lookup.py
$ chmod 644 /home/chenguoyin.cgy/riscv-android-src-rust/out/lib/rustlib/etc/gdb_lookup.py
$ echo "file:/home/chenguoyin.cgy/riscv-android-src-rust/out/lib/rustlib/etc/gdb_lookup.py" >> "/home/chenguoyin.cgy/riscv-android-src-rust/out/lib/rustlib/manifest-rustc"
$ umask 022 && mkdir -p "/home/chenguoyin.cgy/riscv-android-src-rust/out/lib/rustlib/etc"
install: copying file /home/chenguoyin.cgy/riscv-android-src-rust/out/lib/rustlib/etc/lldb_providers.py
$ cp /home/chenguoyin.cgy/riscv-android-src-rust/toolchain/rustc/build/tmp/tarball/rustc/x86_64-unknown-linux-gnu/rustc-1.51.0-dev-x86_64-unknown-linux-gnu/rustc/lib/rustlib/etc/lldb_providers.py /home/chenguoyin.cgy/riscv-android-src-rust/out/lib/rustlib/etc/lldb_providers.py
$ chmod 644 /home/chenguoyin.cgy/riscv-android-src-rust/out/lib/rustlib/etc/lldb_providers.py
$ echo "file:/home/chenguoyin.cgy/riscv-android-src-rust/out/lib/rustlib/etc/lldb_providers.py" >> "/home/chenguoyin.cgy/riscv-android-src-rust/out/lib/rustlib/manifest-rustc"
$ umask 022 && mkdir -p "/home/chenguoyin.cgy/riscv-android-src-rust/out/lib"
install: copying file /home/chenguoyin.cgy/riscv-android-src-rust/out/lib/librustc_driver-f245299482a2e9cf.so
$ cp /home/chenguoyin.cgy/riscv-android-src-rust/toolchain/rustc/build/tmp/tarball/rustc/x86_64-unknown-linux-gnu/rustc-1.51.0-dev-x86_64-unknown-linux-gnu/rustc/lib/librustc_driver-f245299482a2e9cf.so /home/chenguoyin.cgy/riscv-android-src-rust/out/lib/librustc_driver-f245299482a2e9cf.so
$ chmod 644 /home/chenguoyin.cgy/riscv-android-src-rust/out/lib/librustc_driver-f245299482a2e9cf.so
$ echo "file:/home/chenguoyin.cgy/riscv-android-src-rust/out/lib/librustc_driver-f245299482a2e9cf.so" >> "/home/chenguoyin.cgy/riscv-android-src-rust/out/lib/rustlib/manifest-rustc"
$ umask 022 && mkdir -p "/home/chenguoyin.cgy/riscv-android-src-rust/out/lib"
install: copying file /home/chenguoyin.cgy/riscv-android-src-rust/out/lib/libtest-3df1ba8b0c06678c.so
$ cp /home/chenguoyin.cgy/riscv-android-src-rust/toolchain/rustc/build/tmp/tarball/rustc/x86_64-unknown-linux-gnu/rustc-1.51.0-dev-x86_64-unknown-linux-gnu/rustc/lib/libtest-3df1ba8b0c06678c.so /home/chenguoyin.cgy/riscv-android-src-rust/out/lib/libtest-3df1ba8b0c06678c.so
$ chmod 644 /home/chenguoyin.cgy/riscv-android-src-rust/out/lib/libtest-3df1ba8b0c06678c.so
$ echo "file:/home/chenguoyin.cgy/riscv-android-src-rust/out/lib/libtest-3df1ba8b0c06678c.so" >> "/home/chenguoyin.cgy/riscv-android-src-rust/out/lib/rustlib/manifest-rustc"
$ umask 022 && mkdir -p "/home/chenguoyin.cgy/riscv-android-src-rust/out/lib"
install: copying file /home/chenguoyin.cgy/riscv-android-src-rust/out/lib/libstd-94e3c598474e889d.so
$ cp /home/chenguoyin.cgy/riscv-android-src-rust/toolchain/rustc/build/tmp/tarball/rustc/x86_64-unknown-linux-gnu/rustc-1.51.0-dev-x86_64-unknown-linux-gnu/rustc/lib/libstd-94e3c598474e889d.so /home/chenguoyin.cgy/riscv-android-src-rust/out/lib/libstd-94e3c598474e889d.so
$ chmod 644 /home/chenguoyin.cgy/riscv-android-src-rust/out/lib/libstd-94e3c598474e889d.so
$ echo "file:/home/chenguoyin.cgy/riscv-android-src-rust/out/lib/libstd-94e3c598474e889d.so" >> "/home/chenguoyin.cgy/riscv-android-src-rust/out/lib/rustlib/manifest-rustc"
$ umask 022 && mkdir -p "/home/chenguoyin.cgy/riscv-android-src-rust/out/bin"
install: copying file /home/chenguoyin.cgy/riscv-android-src-rust/out/bin/rustdoc
$ cp /home/chenguoyin.cgy/riscv-android-src-rust/toolchain/rustc/build/tmp/tarball/rustc/x86_64-unknown-linux-gnu/rustc-1.51.0-dev-x86_64-unknown-linux-gnu/rustc/bin/rustdoc /home/chenguoyin.cgy/riscv-android-src-rust/out/bin/rustdoc
$ chmod 755 /home/chenguoyin.cgy/riscv-android-src-rust/out/bin/rustdoc
$ echo "file:/home/chenguoyin.cgy/riscv-android-src-rust/out/bin/rustdoc" >> "/home/chenguoyin.cgy/riscv-android-src-rust/out/lib/rustlib/manifest-rustc"
$ umask 022 && mkdir -p "/home/chenguoyin.cgy/riscv-android-src-rust/out/bin"
install: copying file /home/chenguoyin.cgy/riscv-android-src-rust/out/bin/rustc
$ cp /home/chenguoyin.cgy/riscv-android-src-rust/toolchain/rustc/build/tmp/tarball/rustc/x86_64-unknown-linux-gnu/rustc-1.51.0-dev-x86_64-unknown-linux-gnu/rustc/bin/rustc /home/chenguoyin.cgy/riscv-android-src-rust/out/bin/rustc
$ chmod 755 /home/chenguoyin.cgy/riscv-android-src-rust/out/bin/rustc
$ echo "file:/home/chenguoyin.cgy/riscv-android-src-rust/out/bin/rustc" >> "/home/chenguoyin.cgy/riscv-android-src-rust/out/lib/rustlib/manifest-rustc"
$ umask 022 && mkdir -p "/home/chenguoyin.cgy/riscv-android-src-rust/out/bin"
install: copying file /home/chenguoyin.cgy/riscv-android-src-rust/out/bin/rust-lldb
$ cp /home/chenguoyin.cgy/riscv-android-src-rust/toolchain/rustc/build/tmp/tarball/rustc/x86_64-unknown-linux-gnu/rustc-1.51.0-dev-x86_64-unknown-linux-gnu/rustc/bin/rust-lldb /home/chenguoyin.cgy/riscv-android-src-rust/out/bin/rust-lldb
$ chmod 755 /home/chenguoyin.cgy/riscv-android-src-rust/out/bin/rust-lldb
$ echo "file:/home/chenguoyin.cgy/riscv-android-src-rust/out/bin/rust-lldb" >> "/home/chenguoyin.cgy/riscv-android-src-rust/out/lib/rustlib/manifest-rustc"
$ umask 022 && mkdir -p "/home/chenguoyin.cgy/riscv-android-src-rust/out/bin"
install: copying file /home/chenguoyin.cgy/riscv-android-src-rust/out/bin/rust-gdb
$ cp /home/chenguoyin.cgy/riscv-android-src-rust/toolchain/rustc/build/tmp/tarball/rustc/x86_64-unknown-linux-gnu/rustc-1.51.0-dev-x86_64-unknown-linux-gnu/rustc/bin/rust-gdb /home/chenguoyin.cgy/riscv-android-src-rust/out/bin/rust-gdb
$ chmod 755 /home/chenguoyin.cgy/riscv-android-src-rust/out/bin/rust-gdb
$ echo "file:/home/chenguoyin.cgy/riscv-android-src-rust/out/bin/rust-gdb" >> "/home/chenguoyin.cgy/riscv-android-src-rust/out/lib/rustlib/manifest-rustc"
$ umask 022 && mkdir -p "/home/chenguoyin.cgy/riscv-android-src-rust/out/bin"
install: copying file /home/chenguoyin.cgy/riscv-android-src-rust/out/bin/rust-gdbgui
$ cp /home/chenguoyin.cgy/riscv-android-src-rust/toolchain/rustc/build/tmp/tarball/rustc/x86_64-unknown-linux-gnu/rustc-1.51.0-dev-x86_64-unknown-linux-gnu/rustc/bin/rust-gdbgui /home/chenguoyin.cgy/riscv-android-src-rust/out/bin/rust-gdbgui
$ chmod 755 /home/chenguoyin.cgy/riscv-android-src-rust/out/bin/rust-gdbgui
$ echo "file:/home/chenguoyin.cgy/riscv-android-src-rust/out/bin/rust-gdbgui" >> "/home/chenguoyin.cgy/riscv-android-src-rust/out/lib/rustlib/manifest-rustc"
